update-alternatives 2023-03-08 17:37:44: run with --install /usr/bin/awk awk /usr/bin/mawk 5 --slave /usr/share/man/man1/awk.1.gz awk.1.gz /usr/share/man/man1/mawk.1.gz --slave /usr/bin/nawk nawk /usr/bin/mawk --slave /usr/share/man/man1/nawk.1.gz nawk.1.gz /usr/share/man/man1/mawk.1.gz
update-alternatives 2023-03-08 17:37:44: link group awk updated to point to /usr/bin/mawk
update-alternatives 2023-03-08 17:37:54: run with --install /usr/bin/which which /usr/bin/which.debianutils 0 --slave /usr/share/man/man1/which.1.gz which.1.gz /usr/share/man/man1/which.debianutils.1.gz --slave /usr/share/man/de/man1/which.1.gz which.de1.gz /usr/share/man/de/man1/which.debianutils.1.gz --slave /usr/share/man/es/man1/which.1.gz which.es1.gz /usr/share/man/es/man1/which.debianutils.1.gz --slave /usr/share/man/fr/man1/which.1.gz which.fr1.gz /usr/share/man/fr/man1/which.debianutils.1.gz --slave /usr/share/man/it/man1/which.1.gz which.it1.gz /usr/share/man/it/man1/which.debianutils.1.gz --slave /usr/share/man/ja/man1/which.1.gz which.ja1.gz /usr/share/man/ja/man1/which.debianutils.1.gz --slave /usr/share/man/pl/man1/which.1.gz which.pl1.gz /usr/share/man/pl/man1/which.debianutils.1.gz --slave /usr/share/man/sl/man1/which.1.gz which.sl1.gz /usr/share/man/sl/man1/which.debianutils.1.gz
update-alternatives 2023-03-08 17:37:54: link group which updated to point to /usr/bin/which.debianutils
update-alternatives 2023-03-08 17:37:54: run with --install /usr/bin/awk awk /usr/bin/mawk 5 --slave /usr/share/man/man1/awk.1.gz awk.1.gz /usr/share/man/man1/mawk.1.gz --slave /usr/bin/nawk nawk /usr/bin/mawk --slave /usr/share/man/man1/nawk.1.gz nawk.1.gz /usr/share/man/man1/mawk.1.gz
update-alternatives 2023-03-08 17:37:55: run with --install /usr/share/man/man7/builtins.7.gz builtins.7.gz /usr/share/man/man7/bash-builtins.7.gz 10
update-alternatives 2023-03-08 17:37:55: link group builtins.7.gz updated to point to /usr/share/man/man7/bash-builtins.7.gz
update-alternatives 2023-03-08 17:37:56: run with --install /usr/sbin/rmt rmt /usr/sbin/rmt-tar 50 --slave /usr/share/man/man8/rmt.8.gz rmt.8.gz /usr/share/man/man8/rmt-tar.8.gz
update-alternatives 2023-03-08 17:37:56: link group rmt updated to point to /usr/sbin/rmt-tar
update-alternatives 2023-03-08 17:37:57: run with --install /usr/bin/pager pager /bin/more 50 --slave /usr/share/man/man1/pager.1.gz pager.1.gz /usr/share/man/man1/more.1.gz
update-alternatives 2023-03-08 17:37:57: link group pager updated to point to /bin/more
update-alternatives 2023-03-08 17:38:21: run with --quiet --install /usr/bin/pager pager /usr/bin/less 77 --slave /usr/share/man/man1/pager.1.gz pager.1.gz /usr/share/man/man1/less.1.gz
update-alternatives 2023-03-08 17:38:21: link group pager updated to point to /usr/bin/less
update-alternatives 2023-03-08 17:38:24: run with --install /etc/newt/palette newt-palette /etc/newt/palette.ubuntu 50
update-alternatives 2023-03-08 17:38:24: link group newt-palette updated to point to /etc/newt/palette.ubuntu
update-alternatives 2023-03-08 17:38:24: run with --install /etc/newt/palette newt-palette /etc/newt/palette.original 20
update-alternatives 2023-03-08 17:38:25: run with --install /bin/nc nc /bin/nc.openbsd 50 --slave /bin/netcat netcat /bin/nc.openbsd --slave /usr/share/man/man1/nc.1.gz nc.1.gz /usr/share/man/man1/nc_openbsd.1.gz --slave /usr/share/man/man1/netcat.1.gz netcat.1.gz /usr/share/man/man1/nc_openbsd.1.gz
update-alternatives 2023-03-08 17:38:25: link group nc updated to point to /bin/nc.openbsd
update-alternatives 2023-03-08 17:38:25: run with --install /usr/bin/rview rview /usr/bin/vim.tiny 15
update-alternatives 2023-03-08 17:38:25: link group rview updated to point to /usr/bin/vim.tiny
update-alternatives 2023-03-08 17:38:25: run with --install /usr/bin/vi vi /usr/bin/vim.tiny 15 --slave /usr/share/man/da/man1/vi.1.gz vi.da.1.gz /usr/share/man/da/man1/vim.1.gz --slave /usr/share/man/de/man1/vi.1.gz vi.de.1.gz /usr/share/man/de/man1/vim.1.gz --slave /usr/share/man/fr/man1/vi.1.gz vi.fr.1.gz /usr/share/man/fr/man1/vim.1.gz --slave /usr/share/man/it/man1/vi.1.gz vi.it.1.gz /usr/share/man/it/man1/vim.1.gz --slave /usr/share/man/ja/man1/vi.1.gz vi.ja.1.gz /usr/share/man/ja/man1/vim.1.gz --slave /usr/share/man/pl/man1/vi.1.gz vi.pl.1.gz /usr/share/man/pl/man1/vim.1.gz --slave /usr/share/man/ru/man1/vi.1.gz vi.ru.1.gz /usr/share/man/ru/man1/vim.1.gz --slave /usr/share/man/man1/vi.1.gz vi.1.gz /usr/share/man/man1/vim.1.gz
update-alternatives 2023-03-08 17:38:25: link group vi updated to point to /usr/bin/vim.tiny
update-alternatives 2023-03-08 17:38:25: run with --install /usr/bin/view view /usr/bin/vim.tiny 15 --slave /usr/share/man/da/man1/view.1.gz view.da.1.gz /usr/share/man/da/man1/vim.1.gz --slave /usr/share/man/de/man1/view.1.gz view.de.1.gz /usr/share/man/de/man1/vim.1.gz --slave /usr/share/man/fr/man1/view.1.gz view.fr.1.gz /usr/share/man/fr/man1/vim.1.gz --slave /usr/share/man/it/man1/view.1.gz view.it.1.gz /usr/share/man/it/man1/vim.1.gz --slave /usr/share/man/ja/man1/view.1.gz view.ja.1.gz /usr/share/man/ja/man1/vim.1.gz --slave /usr/share/man/pl/man1/view.1.gz view.pl.1.gz /usr/share/man/pl/man1/vim.1.gz --slave /usr/share/man/ru/man1/view.1.gz view.ru.1.gz /usr/share/man/ru/man1/vim.1.gz --slave /usr/share/man/man1/view.1.gz view.1.gz /usr/share/man/man1/vim.1.gz
update-alternatives 2023-03-08 17:38:25: link group view updated to point to /usr/bin/vim.tiny
update-alternatives 2023-03-08 17:38:25: run with --install /usr/bin/ex ex /usr/bin/vim.tiny 15 --slave /usr/share/man/da/man1/ex.1.gz ex.da.1.gz /usr/share/man/da/man1/vim.1.gz --slave /usr/share/man/de/man1/ex.1.gz ex.de.1.gz /usr/share/man/de/man1/vim.1.gz --slave /usr/share/man/fr/man1/ex.1.gz ex.fr.1.gz /usr/share/man/fr/man1/vim.1.gz --slave /usr/share/man/it/man1/ex.1.gz ex.it.1.gz /usr/share/man/it/man1/vim.1.gz --slave /usr/share/man/ja/man1/ex.1.gz ex.ja.1.gz /usr/share/man/ja/man1/vim.1.gz --slave /usr/share/man/pl/man1/ex.1.gz ex.pl.1.gz /usr/share/man/pl/man1/vim.1.gz --slave /usr/share/man/ru/man1/ex.1.gz ex.ru.1.gz /usr/share/man/ru/man1/vim.1.gz --slave /usr/share/man/man1/ex.1.gz ex.1.gz /usr/share/man/man1/vim.1.gz
update-alternatives 2023-03-08 17:38:25: link group ex updated to point to /usr/bin/vim.tiny
update-alternatives 2023-03-08 17:38:25: run with --install /usr/bin/editor editor /usr/bin/vim.tiny 15 --slave /usr/share/man/da/man1/editor.1.gz editor.da.1.gz /usr/share/man/da/man1/vim.1.gz --slave /usr/share/man/de/man1/editor.1.gz editor.de.1.gz /usr/share/man/de/man1/vim.1.gz --slave /usr/share/man/fr/man1/editor.1.gz editor.fr.1.gz /usr/share/man/fr/man1/vim.1.gz --slave /usr/share/man/it/man1/editor.1.gz editor.it.1.gz /usr/share/man/it/man1/vim.1.gz --slave /usr/share/man/ja/man1/editor.1.gz editor.ja.1.gz /usr/share/man/ja/man1/vim.1.gz --slave /usr/share/man/pl/man1/editor.1.gz editor.pl.1.gz /usr/share/man/pl/man1/vim.1.gz --slave /usr/share/man/ru/man1/editor.1.gz editor.ru.1.gz /usr/share/man/ru/man1/vim.1.gz --slave /usr/share/man/man1/editor.1.gz editor.1.gz /usr/share/man/man1/vim.1.gz
update-alternatives 2023-03-08 17:38:25: link group editor updated to point to /usr/bin/vim.tiny
update-alternatives 2023-03-08 17:38:36: run with --install /etc/vtrgb vtrgb /etc/console-setup/vtrgb 50
update-alternatives 2023-03-08 17:38:36: link group vtrgb updated to point to /etc/console-setup/vtrgb
update-alternatives 2023-03-08 17:38:36: run with --install /etc/vtrgb vtrgb /etc/console-setup/vtrgb.vga 20
update-alternatives 2023-03-14 05:01:15: run with --quiet --install /usr/bin/pinentry pinentry /usr/bin/pinentry-curses 50 --slave /usr/share/man/man1/pinentry.1.gz pinentry.1.gz /usr/share/man/man1/pinentry-curses.1.gz
update-alternatives 2023-03-14 05:01:15: link group pinentry updated to point to /usr/bin/pinentry-curses
update-alternatives 2023-03-14 05:02:50: run with --install /usr/sbin/rmt rmt /usr/sbin/rmt-tar 50 --slave /usr/share/man/man8/rmt.8.gz rmt.8.gz /usr/share/man/man8/rmt-tar.8.gz
update-alternatives 2023-03-14 05:03:16: run with --quiet --install /usr/bin/pager pager /usr/bin/less 77 --slave /usr/share/man/man1/pager.1.gz pager.1.gz /usr/share/man/man1/less.1.gz
update-alternatives 2023-03-14 05:03:24: run with --install /usr/bin/rview rview /usr/bin/vim.tiny 15
update-alternatives 2023-03-14 05:03:24: run with --install /usr/bin/vi vi /usr/bin/vim.tiny 15 --slave /usr/share/man/da/man1/vi.1.gz vi.da.1.gz /usr/share/man/da/man1/vim.1.gz --slave /usr/share/man/de/man1/vi.1.gz vi.de.1.gz /usr/share/man/de/man1/vim.1.gz --slave /usr/share/man/fr/man1/vi.1.gz vi.fr.1.gz /usr/share/man/fr/man1/vim.1.gz --slave /usr/share/man/it/man1/vi.1.gz vi.it.1.gz /usr/share/man/it/man1/vim.1.gz --slave /usr/share/man/ja/man1/vi.1.gz vi.ja.1.gz /usr/share/man/ja/man1/vim.1.gz --slave /usr/share/man/pl/man1/vi.1.gz vi.pl.1.gz /usr/share/man/pl/man1/vim.1.gz --slave /usr/share/man/ru/man1/vi.1.gz vi.ru.1.gz /usr/share/man/ru/man1/vim.1.gz --slave /usr/share/man/man1/vi.1.gz vi.1.gz /usr/share/man/man1/vim.1.gz
update-alternatives 2023-03-14 05:03:24: run with --install /usr/bin/view view /usr/bin/vim.tiny 15 --slave /usr/share/man/da/man1/view.1.gz view.da.1.gz /usr/share/man/da/man1/vim.1.gz --slave /usr/share/man/de/man1/view.1.gz view.de.1.gz /usr/share/man/de/man1/vim.1.gz --slave /usr/share/man/fr/man1/view.1.gz view.fr.1.gz /usr/share/man/fr/man1/vim.1.gz --slave /usr/share/man/it/man1/view.1.gz view.it.1.gz /usr/share/man/it/man1/vim.1.gz --slave /usr/share/man/ja/man1/view.1.gz view.ja.1.gz /usr/share/man/ja/man1/vim.1.gz --slave /usr/share/man/pl/man1/view.1.gz view.pl.1.gz /usr/share/man/pl/man1/vim.1.gz --slave /usr/share/man/ru/man1/view.1.gz view.ru.1.gz /usr/share/man/ru/man1/vim.1.gz --slave /usr/share/man/man1/view.1.gz view.1.gz /usr/share/man/man1/vim.1.gz
update-alternatives 2023-03-14 05:03:25: run with --install /usr/bin/ex ex /usr/bin/vim.tiny 15 --slave /usr/share/man/da/man1/ex.1.gz ex.da.1.gz /usr/share/man/da/man1/vim.1.gz --slave /usr/share/man/de/man1/ex.1.gz ex.de.1.gz /usr/share/man/de/man1/vim.1.gz --slave /usr/share/man/fr/man1/ex.1.gz ex.fr.1.gz /usr/share/man/fr/man1/vim.1.gz --slave /usr/share/man/it/man1/ex.1.gz ex.it.1.gz /usr/share/man/it/man1/vim.1.gz --slave /usr/share/man/ja/man1/ex.1.gz ex.ja.1.gz /usr/share/man/ja/man1/vim.1.gz --slave /usr/share/man/pl/man1/ex.1.gz ex.pl.1.gz /usr/share/man/pl/man1/vim.1.gz --slave /usr/share/man/ru/man1/ex.1.gz ex.ru.1.gz /usr/share/man/ru/man1/vim.1.gz --slave /usr/share/man/man1/ex.1.gz ex.1.gz /usr/share/man/man1/vim.1.gz
update-alternatives 2023-03-14 05:03:25: run with --install /usr/bin/editor editor /usr/bin/vim.tiny 15 --slave /usr/share/man/da/man1/editor.1.gz editor.da.1.gz /usr/share/man/da/man1/vim.1.gz --slave /usr/share/man/de/man1/editor.1.gz editor.de.1.gz /usr/share/man/de/man1/vim.1.gz --slave /usr/share/man/fr/man1/editor.1.gz editor.fr.1.gz /usr/share/man/fr/man1/vim.1.gz --slave /usr/share/man/it/man1/editor.1.gz editor.it.1.gz /usr/share/man/it/man1/vim.1.gz --slave /usr/share/man/ja/man1/editor.1.gz editor.ja.1.gz /usr/share/man/ja/man1/vim.1.gz --slave /usr/share/man/pl/man1/editor.1.gz editor.pl.1.gz /usr/share/man/pl/man1/vim.1.gz --slave /usr/share/man/ru/man1/editor.1.gz editor.ru.1.gz /usr/share/man/ru/man1/vim.1.gz --slave /usr/share/man/man1/editor.1.gz editor.1.gz /usr/share/man/man1/vim.1.gz
update-alternatives 2023-03-14 05:23:23: run with --install /usr/share/plymouth/themes/default.plymouth default.plymouth /usr/share/plymouth/themes/bgrt/bgrt.plymouth 110
update-alternatives 2023-03-14 05:23:23: link group default.plymouth updated to point to /usr/share/plymouth/themes/bgrt/bgrt.plymouth
update-alternatives 2023-03-14 05:23:24: run with --install /usr/share/plymouth/themes/default.plymouth default.plymouth /usr/share/plymouth/themes/pop-basic/pop-basic.plymouth 200
update-alternatives 2023-03-14 05:23:24: link group default.plymouth updated to point to /usr/share/plymouth/themes/pop-basic/pop-basic.plymouth
update-alternatives 2023-03-14 05:23:30: run with --install /bin/mt mt /bin/mt-gnu 10 --slave /usr/share/man/man1/mt.1.gz mt.1.gz /usr/share/man/man1/mt-gnu.1.gz
update-alternatives 2023-03-14 05:23:30: link group mt updated to point to /bin/mt-gnu
update-alternatives 2023-03-14 05:23:30: run with --quiet --install /usr/bin/editor editor /bin/ed -100 --slave /usr/share/man/man1/editor.1.gz editor.1.gz /usr/share/man/man1/ed.1.gz
update-alternatives 2023-03-14 05:23:31: run with --install /usr/bin/ftp ftp /usr/bin/tnftp 120 --slave /usr/share/man/man1/ftp.1.gz ftp.1.gz /usr/share/man/man1/tnftp.1.gz
update-alternatives 2023-03-14 05:23:31: link group ftp updated to point to /usr/bin/tnftp
update-alternatives 2023-03-14 05:23:33: run with --install /usr/bin/infobrowser infobrowser /usr/bin/info 60 --slave /usr/share/man/man1/infobrowser.1.gz infobrowser.1.gz /usr/share/man/man1/info.1.gz
update-alternatives 2023-03-14 05:23:33: link group infobrowser updated to point to /usr/bin/info
update-alternatives 2023-03-14 05:23:33: run with --install /usr/bin/write write /usr/bin/write.ul 100 --slave /usr/share/man/man1/write.1.gz write.1.gz /usr/share/man/man1/write.ul.1.gz
update-alternatives 2023-03-14 05:23:33: link group write updated to point to /usr/bin/write.ul
update-alternatives 2023-03-14 05:23:41: run with --install /usr/bin/lzma lzma /usr/bin/xz 20 --slave /usr/share/man/man1/lzma.1.gz lzma.1.gz /usr/share/man/man1/xz.1.gz --slave /usr/bin/unlzma unlzma /usr/bin/unxz --slave /usr/share/man/man1/unlzma.1.gz unlzma.1.gz /usr/share/man/man1/unxz.1.gz --slave /usr/bin/lzcat lzcat /usr/bin/xzcat --slave /usr/share/man/man1/lzcat.1.gz lzcat.1.gz /usr/share/man/man1/xzcat.1.gz --slave /usr/bin/lzmore lzmore /usr/bin/xzmore --slave /usr/share/man/man1/lzmore.1.gz lzmore.1.gz /usr/share/man/man1/xzmore.1.gz --slave /usr/bin/lzless lzless /usr/bin/xzless --slave /usr/share/man/man1/lzless.1.gz lzless.1.gz /usr/share/man/man1/xzless.1.gz --slave /usr/bin/lzdiff lzdiff /usr/bin/xzdiff --slave /usr/share/man/man1/lzdiff.1.gz lzdiff.1.gz /usr/share/man/man1/xzdiff.1.gz --slave /usr/bin/lzcmp lzcmp /usr/bin/xzcmp --slave /usr/share/man/man1/lzcmp.1.gz lzcmp.1.gz /usr/share/man/man1/xzcmp.1.gz --slave /usr/bin/lzgrep lzgrep /usr/bin/xzgrep --slave /usr/share/man/man1/lzgrep.1.gz lzgrep.1.gz /usr/share/man/man1/xzgrep.1.gz --slave /usr/bin/lzegrep lzegrep /usr/bin/xzegrep --slave /usr/share/man/man1/lzegrep.1.gz lzegrep.1.gz /usr/share/man/man1/xzegrep.1.gz --slave /usr/bin/lzfgrep lzfgrep /usr/bin/xzfgrep --slave /usr/share/man/man1/lzfgrep.1.gz lzfgrep.1.gz /usr/share/man/man1/xzfgrep.1.gz
update-alternatives 2023-03-14 05:23:41: link group lzma updated to point to /usr/bin/xz
update-alternatives 2023-03-14 05:23:50: run with --install /usr/share/icons/default/index.theme x-cursor-theme /usr/share/icons/Adwaita/cursor.theme 90
update-alternatives 2023-03-14 05:23:50: link group x-cursor-theme updated to point to /usr/share/icons/Adwaita/cursor.theme
update-alternatives 2023-03-14 05:24:35: run with --quiet --install /usr/bin/pinentry pinentry /usr/bin/pinentry-gnome3 90 --slave /usr/share/man/man1/pinentry.1.gz pinentry.1.gz /usr/share/man/man1/pinentry-gnome3.1.gz
update-alternatives 2023-03-14 05:24:35: link group pinentry updated to point to /usr/bin/pinentry-gnome3
update-alternatives 2023-03-14 05:24:35: run with --quiet --install /usr/bin/pinentry-x11 pinentry-x11 /usr/bin/pinentry-gnome3 90 --slave /usr/share/man/man1/pinentry-x11.1.gz pinentry-x11.1.gz /usr/share/man/man1/pinentry-gnome3.1.gz
update-alternatives 2023-03-14 05:24:35: link group pinentry-x11 updated to point to /usr/bin/pinentry-gnome3
update-alternatives 2023-03-14 05:25:01: run with --install /usr/share/gnome-shell/gdm-theme.gresource gdm-theme.gresource /usr/share/gnome-shell/gnome-shell-theme.gresource 10
update-alternatives 2023-03-14 05:25:01: link group gdm-theme.gresource updated to point to /usr/share/gnome-shell/gnome-shell-theme.gresource
update-alternatives 2023-03-14 05:25:37: run with --install /usr/bin/x-session-manager x-session-manager /usr/bin/gnome-session 50 --slave /usr/share/man/man1/x-session-manager.1.gz x-session-manager.1.gz /usr/share/man/man1/gnome-session.1.gz
update-alternatives 2023-03-14 05:25:37: link group x-session-manager updated to point to /usr/bin/gnome-session
update-alternatives 2023-03-14 05:25:41: run with --install /usr/share/gnome-shell/gdm-theme.gresource gdm-theme.gresource /usr/share/gnome-shell/theme/Pop/gnome-shell-theme.gresource 20
update-alternatives 2023-03-14 05:25:41: link group gdm-theme.gresource updated to point to /usr/share/gnome-shell/theme/Pop/gnome-shell-theme.gresource
update-alternatives 2023-03-14 05:26:51: run with --install /usr/bin/x-terminal-emulator x-terminal-emulator /usr/bin/gnome-terminal.wrapper 40 --slave /usr/share/man/man1/x-terminal-emulator.1.gz x-terminal-emulator.1.gz /usr/share/man/man1/gnome-terminal.1.gz
update-alternatives 2023-03-14 05:26:51: link group x-terminal-emulator updated to point to /usr/bin/gnome-terminal.wrapper
update-alternatives 2023-03-14 05:26:58: run with --quiet --install /lib/cpp cpp /usr/bin/cpp 10
update-alternatives 2023-03-14 05:26:58: link group cpp updated to point to /usr/bin/cpp
update-alternatives 2023-03-14 05:27:07: run with --quiet --install /usr/bin/cc cc /usr/bin/gcc 20 --slave /usr/share/man/man1/cc.1.gz cc.1.gz /usr/share/man/man1/gcc.1.gz
update-alternatives 2023-03-14 05:27:07: link group cc updated to point to /usr/bin/gcc
update-alternatives 2023-03-14 05:27:07: run with --quiet --install /usr/bin/c89 c89 /usr/bin/c89-gcc 20 --slave /usr/share/man/man1/c89.1.gz c89.1.gz /usr/share/man/man1/c89-gcc.1.gz
update-alternatives 2023-03-14 05:27:07: link group c89 updated to point to /usr/bin/c89-gcc
update-alternatives 2023-03-14 05:27:07: run with --quiet --install /usr/bin/c99 c99 /usr/bin/c99-gcc 20 --slave /usr/share/man/man1/c99.1.gz c99.1.gz /usr/share/man/man1/c99-gcc.1.gz
update-alternatives 2023-03-14 05:27:07: link group c99 updated to point to /usr/bin/c99-gcc
update-alternatives 2023-03-14 05:27:10: run with --install /usr/bin/c++ c++ /usr/bin/g++ 20 --slave /usr/share/man/man1/c++.1.gz c++.1.gz /usr/share/man/man1/g++.1.gz
update-alternatives 2023-03-14 05:27:10: link group c++ updated to point to /usr/bin/g++
update-alternatives 2023-03-14 05:28:14: run with --install /etc/pam.d/gdm-smartcard gdm-smartcard /etc/pam.d/gdm-smartcard-sssd-exclusive 50
update-alternatives 2023-03-14 05:28:14: link group gdm-smartcard updated to point to /etc/pam.d/gdm-smartcard-sssd-exclusive
update-alternatives 2023-03-14 05:28:14: run with --install /etc/pam.d/gdm-smartcard gdm-smartcard /etc/pam.d/gdm-smartcard-sssd-or-password 40
update-alternatives 2023-03-14 05:28:14: run with --install /etc/pam.d/gdm-smartcard gdm-smartcard /etc/pam.d/gdm-smartcard-pkcs11-exclusive 30
update-alternatives 2023-03-14 05:28:42: run with --install /usr/bin/open open /usr/bin/xdg-open 50 --slave /usr/share/man/man1/open.1.gz open.1.gz /usr/share/man/man1/xdg-open.1.gz
update-alternatives 2023-03-14 05:28:42: link group open updated to point to /usr/bin/xdg-open
update-alternatives 2023-03-14 05:32:40: run with --install /usr/bin/telnet telnet /usr/bin/telnet.netkit 100 --slave /usr/share/man/man1/telnet.1.gz telnet.1.gz /usr/share/man/man1/telnet.netkit.1.gz
update-alternatives 2023-03-14 05:32:40: link group telnet updated to point to /usr/bin/telnet.netkit
update-alternatives 2023-03-14 05:32:42: run with --install /usr/share/gnome-shell/gdm-theme.gresource gdm-theme.gresource /usr/share/gnome-shell/theme/Yaru/gnome-shell-theme.gresource 15
update-alternatives 2023-03-14 05:32:44: run with --install /usr/share/plymouth/themes/text.plymouth text.plymouth /usr/share/plymouth/themes/pop-text/pop-text.plymouth 30
update-alternatives 2023-03-14 05:32:44: link group text.plymouth updated to point to /usr/share/plymouth/themes/pop-text/pop-text.plymouth
update-alternatives 2023-03-14 05:32:44: run with --set text.plymouth /usr/share/plymouth/themes/pop-text/pop-text.plymouth
update-alternatives 2023-03-14 05:32:44: status of link group /usr/share/plymouth/themes/text.plymouth set to manual
update-alternatives 2023-03-14 05:32:50: run with --install /usr/bin/fakeroot fakeroot /usr/bin/fakeroot-sysv 50 --slave /usr/share/man/man1/fakeroot.1.gz fakeroot.1.gz /usr/share/man/man1/fakeroot-sysv.1.gz --slave /usr/share/man/man1/faked.1.gz faked.1.gz /usr/share/man/man1/faked-sysv.1.gz --slave /usr/share/man/es/man1/fakeroot.1.gz fakeroot.es.1.gz /usr/share/man/es/man1/fakeroot-sysv.1.gz --slave /usr/share/man/es/man1/faked.1.gz faked.es.1.gz /usr/share/man/es/man1/faked-sysv.1.gz --slave /usr/share/man/fr/man1/fakeroot.1.gz fakeroot.fr.1.gz /usr/share/man/fr/man1/fakeroot-sysv.1.gz --slave /usr/share/man/fr/man1/faked.1.gz faked.fr.1.gz /usr/share/man/fr/man1/faked-sysv.1.gz --slave /usr/share/man/sv/man1/fakeroot.1.gz fakeroot.sv.1.gz /usr/share/man/sv/man1/fakeroot-sysv.1.gz --slave /usr/share/man/sv/man1/faked.1.gz faked.sv.1.gz /usr/share/man/sv/man1/faked-sysv.1.gz
update-alternatives 2023-03-14 05:32:50: link group fakeroot updated to point to /usr/bin/fakeroot-sysv
update-alternatives 2023-03-14 05:32:50: run with --install /usr/bin/fakeroot fakeroot /usr/bin/fakeroot-tcp 30 --slave /usr/share/man/man1/fakeroot.1.gz fakeroot.1.gz /usr/share/man/man1/fakeroot-tcp.1.gz --slave /usr/share/man/man1/faked.1.gz faked.1.gz /usr/share/man/man1/faked-tcp.1.gz --slave /usr/share/man/es/man1/fakeroot.1.gz fakeroot.es.1.gz /usr/share/man/es/man1/fakeroot-tcp.1.gz --slave /usr/share/man/es/man1/faked.1.gz faked.es.1.gz /usr/share/man/es/man1/faked-tcp.1.gz --slave /usr/share/man/fr/man1/fakeroot.1.gz fakeroot.fr.1.gz /usr/share/man/fr/man1/fakeroot-tcp.1.gz --slave /usr/share/man/fr/man1/faked.1.gz faked.fr.1.gz /usr/share/man/fr/man1/faked-tcp.1.gz --slave /usr/share/man/sv/man1/fakeroot.1.gz fakeroot.sv.1.gz /usr/share/man/sv/man1/fakeroot-tcp.1.gz --slave /usr/share/man/sv/man1/faked.1.gz faked.sv.1.gz /usr/share/man/sv/man1/faked-tcp.1.gz
update-alternatives 2023-03-14 05:33:01: run with --install /usr/bin/editor editor /bin/nano 40 --slave /usr/share/man/man1/editor.1.gz editor.1.gz /usr/share/man/man1/nano.1.gz
update-alternatives 2023-03-14 05:33:01: link group editor updated to point to /bin/nano
update-alternatives 2023-03-14 05:33:01: run with --install /usr/bin/pico pico /bin/nano 10 --slave /usr/share/man/man1/pico.1.gz pico.1.gz /usr/share/man/man1/nano.1.gz
update-alternatives 2023-03-14 05:33:01: link group pico updated to point to /bin/nano
update-alternatives 2023-03-14 05:33:03: run with --install /usr/bin/gstreamer-codec-install gstreamer-codec-install /usr/bin/gst-install 80
update-alternatives 2023-03-14 05:33:03: link group gstreamer-codec-install updated to point to /usr/bin/gst-install
update-alternatives 2023-03-14 05:33:18: run with --install /usr/bin/rsh rsh /usr/bin/ssh 20 --slave /usr/share/man/man1/rsh.1.gz rsh.1.gz /usr/share/man/man1/ssh.1.gz
update-alternatives 2023-03-14 05:33:18: link group rsh updated to point to /usr/bin/ssh
update-alternatives 2023-03-14 05:33:18: run with --install /usr/bin/rlogin rlogin /usr/bin/slogin 20 --slave /usr/share/man/man1/rlogin.1.gz rlogin.1.gz /usr/share/man/man1/slogin.1.gz
update-alternatives 2023-03-14 05:33:18: link group rlogin updated to point to /usr/bin/slogin
update-alternatives 2023-03-14 05:33:18: run with --install /usr/bin/rcp rcp /usr/bin/scp 20 --slave /usr/share/man/man1/rcp.1.gz rcp.1.gz /usr/share/man/man1/scp.1.gz
update-alternatives 2023-03-14 05:33:18: link group rcp updated to point to /usr/bin/scp
update-alternatives 2023-03-14 05:33:23: run with --install /usr/bin/gnome-text-editor gnome-text-editor /usr/bin/gedit 50 --slave /usr/share/man/man1/gnome-text-editor.1.gz gnome-text-editor.1.gz /usr/share/man/man1/gedit.1.gz
update-alternatives 2023-03-14 05:33:23: link group gnome-text-editor updated to point to /usr/bin/gedit
update-alternatives 2023-03-14 05:33:24: run with --install /usr/sbin/iptables iptables /usr/sbin/iptables-legacy 10 --slave /usr/sbin/iptables-restore iptables-restore /usr/sbin/iptables-legacy-restore --slave /usr/sbin/iptables-save iptables-save /usr/sbin/iptables-legacy-save
update-alternatives 2023-03-14 05:33:24: link group iptables updated to point to /usr/sbin/iptables-legacy
update-alternatives 2023-03-14 05:33:24: run with --install /usr/sbin/ip6tables ip6tables /usr/sbin/ip6tables-legacy 10 --slave /usr/sbin/ip6tables-restore ip6tables-restore /usr/sbin/ip6tables-legacy-restore --slave /usr/sbin/ip6tables-save ip6tables-save /usr/sbin/ip6tables-legacy-save
update-alternatives 2023-03-14 05:33:24: link group ip6tables updated to point to /usr/sbin/ip6tables-legacy
update-alternatives 2023-03-14 05:33:24: run with --install /usr/sbin/iptables iptables /usr/sbin/iptables-nft 20 --slave /usr/sbin/iptables-restore iptables-restore /usr/sbin/iptables-nft-restore --slave /usr/sbin/iptables-save iptables-save /usr/sbin/iptables-nft-save
update-alternatives 2023-03-14 05:33:24: link group iptables updated to point to /usr/sbin/iptables-nft
update-alternatives 2023-03-14 05:33:24: run with --install /usr/sbin/ip6tables ip6tables /usr/sbin/ip6tables-nft 20 --slave /usr/sbin/ip6tables-restore ip6tables-restore /usr/sbin/ip6tables-nft-restore --slave /usr/sbin/ip6tables-save ip6tables-save /usr/sbin/ip6tables-nft-save
update-alternatives 2023-03-14 05:33:24: link group ip6tables updated to point to /usr/sbin/ip6tables-nft
update-alternatives 2023-03-14 05:33:24: run with --install /usr/sbin/arptables arptables /usr/sbin/arptables-nft 20 --slave /usr/sbin/arptables-restore arptables-restore /usr/sbin/arptables-nft-restore --slave /usr/sbin/arptables-save arptables-save /usr/sbin/arptables-nft-save
update-alternatives 2023-03-14 05:33:24: link group arptables updated to point to /usr/sbin/arptables-nft
update-alternatives 2023-03-14 05:33:24: run with --install /usr/sbin/ebtables ebtables /usr/sbin/ebtables-nft 20 --slave /usr/sbin/ebtables-restore ebtables-restore /usr/sbin/ebtables-nft-restore --slave /usr/sbin/ebtables-save ebtables-save /usr/sbin/ebtables-nft-save
update-alternatives 2023-03-14 05:33:24: link group ebtables updated to point to /usr/sbin/ebtables-nft
update-alternatives 2023-03-14 05:51:34: run with --remove gdm-theme.gresource /usr/share/gnome-shell/theme/Yaru/gnome-shell-theme.gresource
update-alternatives 2023-03-14 06:19:31: run with --install /etc/cifs-utils/idmap-plugin idmap-plugin /usr/lib/x86_64-linux-gnu/cifs-utils/idmapwb.so 40 --slave /usr/share/man/man8/idmap-plugin.8.gz idmap-plugin.8.gz /usr/share/man/man8/idmapwb.8.gz
update-alternatives 2023-03-14 06:19:31: link group idmap-plugin updated to point to /usr/lib/x86_64-linux-gnu/cifs-utils/idmapwb.so
update-alternatives 2023-03-30 21:28:30: run with --remove idmap-plugin /usr/lib/x86_64-linux-gnu/cifs-utils/idmapwb.so
update-alternatives 2023-03-30 21:28:30: link group idmap-plugin fully removed
update-alternatives 2023-03-31 10:43:38: run with --install /usr/bin/rview rview /usr/bin/vim.tiny 15
update-alternatives 2023-03-31 10:43:38: run with --install /usr/bin/vi vi /usr/bin/vim.tiny 15 --slave /usr/share/man/da/man1/vi.1.gz vi.da.1.gz /usr/share/man/da/man1/vim.1.gz --slave /usr/share/man/de/man1/vi.1.gz vi.de.1.gz /usr/share/man/de/man1/vim.1.gz --slave /usr/share/man/fr/man1/vi.1.gz vi.fr.1.gz /usr/share/man/fr/man1/vim.1.gz --slave /usr/share/man/it/man1/vi.1.gz vi.it.1.gz /usr/share/man/it/man1/vim.1.gz --slave /usr/share/man/ja/man1/vi.1.gz vi.ja.1.gz /usr/share/man/ja/man1/vim.1.gz --slave /usr/share/man/pl/man1/vi.1.gz vi.pl.1.gz /usr/share/man/pl/man1/vim.1.gz --slave /usr/share/man/ru/man1/vi.1.gz vi.ru.1.gz /usr/share/man/ru/man1/vim.1.gz --slave /usr/share/man/man1/vi.1.gz vi.1.gz /usr/share/man/man1/vim.1.gz
update-alternatives 2023-03-31 10:43:38: run with --install /usr/bin/view view /usr/bin/vim.tiny 15 --slave /usr/share/man/da/man1/view.1.gz view.da.1.gz /usr/share/man/da/man1/vim.1.gz --slave /usr/share/man/de/man1/view.1.gz view.de.1.gz /usr/share/man/de/man1/vim.1.gz --slave /usr/share/man/fr/man1/view.1.gz view.fr.1.gz /usr/share/man/fr/man1/vim.1.gz --slave /usr/share/man/it/man1/view.1.gz view.it.1.gz /usr/share/man/it/man1/vim.1.gz --slave /usr/share/man/ja/man1/view.1.gz view.ja.1.gz /usr/share/man/ja/man1/vim.1.gz --slave /usr/share/man/pl/man1/view.1.gz view.pl.1.gz /usr/share/man/pl/man1/vim.1.gz --slave /usr/share/man/ru/man1/view.1.gz view.ru.1.gz /usr/share/man/ru/man1/vim.1.gz --slave /usr/share/man/man1/view.1.gz view.1.gz /usr/share/man/man1/vim.1.gz
update-alternatives 2023-03-31 10:43:38: run with --install /usr/bin/ex ex /usr/bin/vim.tiny 15 --slave /usr/share/man/da/man1/ex.1.gz ex.da.1.gz /usr/share/man/da/man1/vim.1.gz --slave /usr/share/man/de/man1/ex.1.gz ex.de.1.gz /usr/share/man/de/man1/vim.1.gz --slave /usr/share/man/fr/man1/ex.1.gz ex.fr.1.gz /usr/share/man/fr/man1/vim.1.gz --slave /usr/share/man/it/man1/ex.1.gz ex.it.1.gz /usr/share/man/it/man1/vim.1.gz --slave /usr/share/man/ja/man1/ex.1.gz ex.ja.1.gz /usr/share/man/ja/man1/vim.1.gz --slave /usr/share/man/pl/man1/ex.1.gz ex.pl.1.gz /usr/share/man/pl/man1/vim.1.gz --slave /usr/share/man/ru/man1/ex.1.gz ex.ru.1.gz /usr/share/man/ru/man1/vim.1.gz --slave /usr/share/man/man1/ex.1.gz ex.1.gz /usr/share/man/man1/vim.1.gz
update-alternatives 2023-03-31 10:43:38: run with --install /usr/bin/editor editor /usr/bin/vim.tiny 15 --slave /usr/share/man/da/man1/editor.1.gz editor.da.1.gz /usr/share/man/da/man1/vim.1.gz --slave /usr/share/man/de/man1/editor.1.gz editor.de.1.gz /usr/share/man/de/man1/vim.1.gz --slave /usr/share/man/fr/man1/editor.1.gz editor.fr.1.gz /usr/share/man/fr/man1/vim.1.gz --slave /usr/share/man/it/man1/editor.1.gz editor.it.1.gz /usr/share/man/it/man1/vim.1.gz --slave /usr/share/man/ja/man1/editor.1.gz editor.ja.1.gz /usr/share/man/ja/man1/vim.1.gz --slave /usr/share/man/pl/man1/editor.1.gz editor.pl.1.gz /usr/share/man/pl/man1/vim.1.gz --slave /usr/share/man/ru/man1/editor.1.gz editor.ru.1.gz /usr/share/man/ru/man1/vim.1.gz --slave /usr/share/man/man1/editor.1.gz editor.1.gz /usr/share/man/man1/vim.1.gz
update-alternatives 2023-03-31 13:51:26: run with --install /usr/bin/editor editor /usr/bin/nvim 30 --slave /usr/share/man/man1/editor.1.gz editor.1.gz /usr/share/man/man1/nvim.1.gz
update-alternatives 2023-03-31 13:51:26: run with --install /usr/bin/ex ex /usr/libexec/neovim/ex 30
update-alternatives 2023-03-31 13:51:26: link group ex updated to point to /usr/libexec/neovim/ex
update-alternatives 2023-03-31 13:51:26: run with --install /usr/bin/rvim rvim /usr/libexec/neovim/rvim 30
update-alternatives 2023-03-31 13:51:26: link group rvim updated to point to /usr/libexec/neovim/rvim
update-alternatives 2023-03-31 13:51:26: run with --install /usr/bin/rview rview /usr/libexec/neovim/rview 30
update-alternatives 2023-03-31 13:51:26: link group rview updated to point to /usr/libexec/neovim/rview
update-alternatives 2023-03-31 13:51:26: run with --install /usr/bin/vi vi /usr/bin/nvim 30
update-alternatives 2023-03-31 13:51:26: link group vi updated to point to /usr/bin/nvim
update-alternatives 2023-03-31 13:51:26: run with --install /usr/bin/vim vim /usr/bin/nvim 30
update-alternatives 2023-03-31 13:51:26: link group vim updated to point to /usr/bin/nvim
update-alternatives 2023-03-31 13:51:26: run with --install /usr/bin/view view /usr/libexec/neovim/view 30
update-alternatives 2023-03-31 13:51:26: link group view updated to point to /usr/libexec/neovim/view
update-alternatives 2023-03-31 13:51:26: run with --install /usr/bin/vimdiff vimdiff /usr/libexec/neovim/vimdiff 30
update-alternatives 2023-03-31 13:51:26: link group vimdiff updated to point to /usr/libexec/neovim/vimdiff
update-alternatives 2023-04-02 21:51:35: run with --install /usr/lib/x86_64-linux-gnu/libblas.so.3 libblas.so.3-x86_64-linux-gnu /usr/lib/x86_64-linux-gnu/blas/libblas.so.3 10
update-alternatives 2023-04-02 21:51:35: link group libblas.so.3-x86_64-linux-gnu updated to point to /usr/lib/x86_64-linux-gnu/blas/libblas.so.3
update-alternatives 2023-04-02 21:51:36: run with --install /usr/lib/x86_64-linux-gnu/liblapack.so.3 liblapack.so.3-x86_64-linux-gnu /usr/lib/x86_64-linux-gnu/lapack/liblapack.so.3 10
update-alternatives 2023-04-02 21:51:36: link group liblapack.so.3-x86_64-linux-gnu updated to point to /usr/lib/x86_64-linux-gnu/lapack/liblapack.so.3
update-alternatives 2023-04-11 20:15:07: run with --quiet --install /usr/bin/awk awk /usr/bin/gawk 10 --slave /usr/share/man/man1/awk.1.gz awk.1.gz /usr/share/man/man1/gawk.1.gz --slave /usr/bin/nawk nawk /usr/bin/gawk --slave /usr/share/man/man1/nawk.1.gz nawk.1.gz /usr/share/man/man1/gawk.1.gz
update-alternatives 2023-04-11 20:15:07: link group awk updated to point to /usr/bin/gawk
update-alternatives 2023-04-15 22:44:00: run with --install /usr/bin/rview rview /usr/bin/vim.tiny 15
update-alternatives 2023-04-15 22:44:00: run with --install /usr/bin/vi vi /usr/bin/vim.tiny 15 --slave /usr/share/man/da/man1/vi.1.gz vi.da.1.gz /usr/share/man/da/man1/vim.1.gz --slave /usr/share/man/de/man1/vi.1.gz vi.de.1.gz /usr/share/man/de/man1/vim.1.gz --slave /usr/share/man/fr/man1/vi.1.gz vi.fr.1.gz /usr/share/man/fr/man1/vim.1.gz --slave /usr/share/man/it/man1/vi.1.gz vi.it.1.gz /usr/share/man/it/man1/vim.1.gz --slave /usr/share/man/ja/man1/vi.1.gz vi.ja.1.gz /usr/share/man/ja/man1/vim.1.gz --slave /usr/share/man/pl/man1/vi.1.gz vi.pl.1.gz /usr/share/man/pl/man1/vim.1.gz --slave /usr/share/man/ru/man1/vi.1.gz vi.ru.1.gz /usr/share/man/ru/man1/vim.1.gz --slave /usr/share/man/man1/vi.1.gz vi.1.gz /usr/share/man/man1/vim.1.gz
update-alternatives 2023-04-15 22:44:00: run with --install /usr/bin/view view /usr/bin/vim.tiny 15 --slave /usr/share/man/da/man1/view.1.gz view.da.1.gz /usr/share/man/da/man1/vim.1.gz --slave /usr/share/man/de/man1/view.1.gz view.de.1.gz /usr/share/man/de/man1/vim.1.gz --slave /usr/share/man/fr/man1/view.1.gz view.fr.1.gz /usr/share/man/fr/man1/vim.1.gz --slave /usr/share/man/it/man1/view.1.gz view.it.1.gz /usr/share/man/it/man1/vim.1.gz --slave /usr/share/man/ja/man1/view.1.gz view.ja.1.gz /usr/share/man/ja/man1/vim.1.gz --slave /usr/share/man/pl/man1/view.1.gz view.pl.1.gz /usr/share/man/pl/man1/vim.1.gz --slave /usr/share/man/ru/man1/view.1.gz view.ru.1.gz /usr/share/man/ru/man1/vim.1.gz --slave /usr/share/man/man1/view.1.gz view.1.gz /usr/share/man/man1/vim.1.gz
update-alternatives 2023-04-15 22:44:00: run with --install /usr/bin/ex ex /usr/bin/vim.tiny 15 --slave /usr/share/man/da/man1/ex.1.gz ex.da.1.gz /usr/share/man/da/man1/vim.1.gz --slave /usr/share/man/de/man1/ex.1.gz ex.de.1.gz /usr/share/man/de/man1/vim.1.gz --slave /usr/share/man/fr/man1/ex.1.gz ex.fr.1.gz /usr/share/man/fr/man1/vim.1.gz --slave /usr/share/man/it/man1/ex.1.gz ex.it.1.gz /usr/share/man/it/man1/vim.1.gz --slave /usr/share/man/ja/man1/ex.1.gz ex.ja.1.gz /usr/share/man/ja/man1/vim.1.gz --slave /usr/share/man/pl/man1/ex.1.gz ex.pl.1.gz /usr/share/man/pl/man1/vim.1.gz --slave /usr/share/man/ru/man1/ex.1.gz ex.ru.1.gz /usr/share/man/ru/man1/vim.1.gz --slave /usr/share/man/man1/ex.1.gz ex.1.gz /usr/share/man/man1/vim.1.gz
update-alternatives 2023-04-15 22:44:00: run with --install /usr/bin/editor editor /usr/bin/vim.tiny 15 --slave /usr/share/man/da/man1/editor.1.gz editor.da.1.gz /usr/share/man/da/man1/vim.1.gz --slave /usr/share/man/de/man1/editor.1.gz editor.de.1.gz /usr/share/man/de/man1/vim.1.gz --slave /usr/share/man/fr/man1/editor.1.gz editor.fr.1.gz /usr/share/man/fr/man1/vim.1.gz --slave /usr/share/man/it/man1/editor.1.gz editor.it.1.gz /usr/share/man/it/man1/vim.1.gz --slave /usr/share/man/ja/man1/editor.1.gz editor.ja.1.gz /usr/share/man/ja/man1/vim.1.gz --slave /usr/share/man/pl/man1/editor.1.gz editor.pl.1.gz /usr/share/man/pl/man1/vim.1.gz --slave /usr/share/man/ru/man1/editor.1.gz editor.ru.1.gz /usr/share/man/ru/man1/vim.1.gz --slave /usr/share/man/man1/editor.1.gz editor.1.gz /usr/share/man/man1/vim.1.gz
update-alternatives 2023-04-22 11:47:58: run with --install /usr/bin/x-window-manager x-window-manager /usr/bin/notion 49 --slave /usr/share/man/man1/x-window-manager.1.gz x-window-manager.1.gz /usr/share/man/man1/notion.1.gz
update-alternatives 2023-04-22 11:47:58: link group x-window-manager updated to point to /usr/bin/notion
