/usr/share/fonts: skipping, existing cache is valid: 0 fonts, 6 dirs
/usr/share/fonts/X11: skipping, existing cache is valid: 0 fonts, 5 dirs
/usr/share/fonts/X11/75dpi: skipping, existing cache is valid: 358 fonts, 0 dirs
/usr/share/fonts/X11/Type1: skipping, existing cache is valid: 8 fonts, 0 dirs
/usr/share/fonts/X11/encodings: skipping, existing cache is valid: 0 fonts, 1 dirs
/usr/share/fonts/X11/encodings/large: skipping, existing cache is valid: 0 fonts, 0 dirs
/usr/share/fonts/X11/misc: skipping, existing cache is valid: 89 fonts, 0 dirs
/usr/share/fonts/X11/util: skipping, existing cache is valid: 0 fonts, 0 dirs
/usr/share/fonts/cMap: skipping, existing cache is valid: 0 fonts, 0 dirs
/usr/share/fonts/cmap: skipping, existing cache is valid: 0 fonts, 5 dirs
/usr/share/fonts/cmap/adobe-cns1: skipping, existing cache is valid: 0 fonts, 0 dirs
/usr/share/fonts/cmap/adobe-gb1: skipping, existing cache is valid: 0 fonts, 0 dirs
/usr/share/fonts/cmap/adobe-japan1: skipping, existing cache is valid: 0 fonts, 0 dirs
/usr/share/fonts/cmap/adobe-japan2: skipping, existing cache is valid: 0 fonts, 0 dirs
/usr/share/fonts/cmap/adobe-korea1: skipping, existing cache is valid: 0 fonts, 0 dirs
/usr/share/fonts/opentype: skipping, existing cache is valid: 0 fonts, 3 dirs
/usr/share/fonts/opentype/fira: skipping, existing cache is valid: 97 fonts, 0 dirs
/usr/share/fonts/opentype/noto: skipping, existing cache is valid: 80 fonts, 0 dirs
/usr/share/fonts/opentype/urw-base35: skipping, existing cache is valid: 35 fonts, 0 dirs
/usr/share/fonts/truetype: skipping, existing cache is valid: 0 fonts, 11 dirs
/usr/share/fonts/truetype/arphic: skipping, existing cache is valid: 8 fonts, 0 dirs
/usr/share/fonts/truetype/dejavu: skipping, existing cache is valid: 6 fonts, 0 dirs
/usr/share/fonts/truetype/droid: skipping, existing cache is valid: 1 fonts, 0 dirs
/usr/share/fonts/truetype/freefont: skipping, existing cache is valid: 12 fonts, 0 dirs
/usr/share/fonts/truetype/lato: skipping, existing cache is valid: 18 fonts, 0 dirs
/usr/share/fonts/truetype/liberation: skipping, existing cache is valid: 16 fonts, 0 dirs
/usr/share/fonts/truetype/liberation2: skipping, existing cache is valid: 12 fonts, 0 dirs
/usr/share/fonts/truetype/libreoffice: skipping, existing cache is valid: 1 fonts, 0 dirs
/usr/share/fonts/truetype/noto: skipping, existing cache is valid: 308 fonts, 0 dirs
/usr/share/fonts/truetype/roboto-slab: skipping, existing cache is valid: 4 fonts, 0 dirs
/usr/share/fonts/truetype/ubuntu: skipping, existing cache is valid: 14 fonts, 0 dirs
/usr/share/fonts/type1: skipping, existing cache is valid: 0 fonts, 1 dirs
/usr/share/fonts/type1/urw-base35: skipping, existing cache is valid: 35 fonts, 0 dirs
/usr/local/share/fonts: skipping, existing cache is valid: 0 fonts, 0 dirs
/usr/share/fonts/X11: skipping, looped directory detected
/usr/share/fonts/cMap: skipping, looped directory detected
/usr/share/fonts/cmap: skipping, looped directory detected
/usr/share/fonts/opentype: skipping, looped directory detected
/usr/share/fonts/truetype: skipping, looped directory detected
/usr/share/fonts/type1: skipping, looped directory detected
/usr/share/fonts/X11/75dpi: skipping, looped directory detected
/usr/share/fonts/X11/Type1: skipping, looped directory detected
/usr/share/fonts/X11/encodings: skipping, looped directory detected
/usr/share/fonts/X11/misc: skipping, looped directory detected
/usr/share/fonts/X11/util: skipping, looped directory detected
/usr/share/fonts/cmap/adobe-cns1: skipping, looped directory detected
/usr/share/fonts/cmap/adobe-gb1: skipping, looped directory detected
/usr/share/fonts/cmap/adobe-japan1: skipping, looped directory detected
/usr/share/fonts/cmap/adobe-japan2: skipping, looped directory detected
/usr/share/fonts/cmap/adobe-korea1: skipping, looped directory detected
/usr/share/fonts/opentype/fira: skipping, looped directory detected
/usr/share/fonts/opentype/noto: skipping, looped directory detected
/usr/share/fonts/opentype/urw-base35: skipping, looped directory detected
/usr/share/fonts/truetype/arphic: skipping, looped directory detected
/usr/share/fonts/truetype/dejavu: skipping, looped directory detected
/usr/share/fonts/truetype/droid: skipping, looped directory detected
/usr/share/fonts/truetype/freefont: skipping, looped directory detected
/usr/share/fonts/truetype/lato: skipping, looped directory detected
/usr/share/fonts/truetype/liberation: skipping, looped directory detected
/usr/share/fonts/truetype/liberation2: skipping, looped directory detected
/usr/share/fonts/truetype/libreoffice: skipping, looped directory detected
/usr/share/fonts/truetype/noto: skipping, looped directory detected
/usr/share/fonts/truetype/roboto-slab: skipping, looped directory detected
/usr/share/fonts/truetype/ubuntu: skipping, looped directory detected
/usr/share/fonts/type1/urw-base35: skipping, looped directory detected
/usr/share/fonts/X11/encodings/large: skipping, looped directory detected
/var/cache/fontconfig: cleaning cache directory
fc-cache: succeeded
